<?xml version="1.0" encoding="UTF-8"?>
<testng-results skipped="0" failed="0" ignored="0" total="2" passed="2">
  <reporter-output>
  </reporter-output>
  <suite name="Regression Test Suite" duration-ms="17871" started-at="2020-09-30T13:21:53Z" finished-at="2020-09-30T13:22:11Z">
    <groups>
    </groups>
    <test name="RetryTest" duration-ms="17871" started-at="2020-09-30T13:21:53Z" finished-at="2020-09-30T13:22:11Z">
      <class name="TestClasses.TestClass">
        <test-method status="PASS" signature="setUp()[pri:0, instance:TestClasses.TestClass@3745e5c6]" name="setUp" is-config="true" duration-ms="8095" started-at="2020-09-30T13:21:53Z" finished-at="2020-09-30T13:22:01Z">
          <reporter-output>
          </reporter-output>
        </test-method> <!-- setUp -->
        <test-method status="PASS" signature="serchTest()[pri:1, instance:TestClasses.TestClass@3745e5c6]" name="serchTest" duration-ms="74" started-at="2020-09-30T13:22:01Z" finished-at="2020-09-30T13:22:01Z">
          <reporter-output>
          </reporter-output>
        </test-method> <!-- serchTest -->
        <test-method status="PASS" signature="tearDown()[pri:0, instance:TestClasses.TestClass@3745e5c6]" name="tearDown" is-config="true" duration-ms="682" started-at="2020-09-30T13:22:01Z" finished-at="2020-09-30T13:22:02Z">
          <reporter-output>
          </reporter-output>
        </test-method> <!-- tearDown -->
        <test-method status="PASS" signature="setUp()[pri:0, instance:TestClasses.TestClass@3745e5c6]" name="setUp" is-config="true" duration-ms="7658" started-at="2020-09-30T13:22:02Z" finished-at="2020-09-30T13:22:09Z">
          <reporter-output>
          </reporter-output>
        </test-method> <!-- setUp -->
        <test-method status="PASS" signature="loginTest()[pri:2, instance:TestClasses.TestClass@3745e5c6]" name="loginTest" duration-ms="75" started-at="2020-09-30T13:22:09Z" finished-at="2020-09-30T13:22:10Z">
          <reporter-output>
          </reporter-output>
        </test-method> <!-- loginTest -->
        <test-method status="PASS" signature="tearDown()[pri:0, instance:TestClasses.TestClass@3745e5c6]" name="tearDown" is-config="true" duration-ms="979" started-at="2020-09-30T13:22:10Z" finished-at="2020-09-30T13:22:11Z">
          <reporter-output>
          </reporter-output>
        </test-method> <!-- tearDown -->
      </class> <!-- TestClasses.TestClass -->
    </test> <!-- RetryTest -->
  </suite> <!-- Regression Test Suite -->
</testng-results>
